<?xml version="1.0" encoding="UTF-8"?>
<!-- Generated by org.testng.reporters.JUnitReportReporter -->
<testsuite hostname="DESKTOP-3BU923C" failures="1" tests="4" name="com.Vtiger.TC_01_CreateOrganizationTest" time="56.035" errors="0" timestamp="2022-07-27T14:53:35 IST" skipped="3">
  <testcase classname="com.Vtiger.TC_01_CreateOrganizationTest" name="createOrg" time="9.387">
    <failure message="null" type="java.lang.AssertionError">
      <![CDATA[java.lang.AssertionError: null
at org.testng.Assert.fail(Assert.java:99)
at org.testng.Assert.fail(Assert.java:106)
at com.Vtiger.TC_01_CreateOrganizationTest.createOrg(TC_01_CreateOrganizationTest.java:25)
at java.base/jdk.internal.reflect.NativeMethodAccessorImpl.invoke0(Native Method)
at java.base/jdk.internal.reflect.NativeMethodAccessorImpl.invoke(NativeMethodAccessorImpl.java:77)
at java.base/jdk.internal.reflect.DelegatingMethodAccessorImpl.invoke(DelegatingMethodAccessorImpl.java:43)
at java.base/java.lang.reflect.Method.invoke(Method.java:568)
at org.testng.internal.MethodInvocationHelper.invokeMethod(MethodInvocationHelper.java:133)
at org.testng.internal.TestInvoker.invokeMethod(TestInvoker.java:598)
at org.testng.internal.TestInvoker.retryFailed(TestInvoker.java:213)
at org.testng.internal.MethodRunner.runInSequence(MethodRunner.java:58)
at org.testng.internal.TestInvoker$MethodInvocationAgent.invoke(TestInvoker.java:824)
at org.testng.internal.TestInvoker.invokeTestMethods(TestInvoker.java:146)
at org.testng.internal.TestMethodWorker.invokeTestMethods(TestMethodWorker.java:146)
at org.testng.internal.TestMethodWorker.run(TestMethodWorker.java:128)
at java.base/java.util.concurrent.ThreadPoolExecutor.runWorker(ThreadPoolExecutor.java:1136)
at java.base/java.util.concurrent.ThreadPoolExecutor$Worker.run(ThreadPoolExecutor.java:635)
at java.base/java.lang.Thread.run(Thread.java:833)
]]>
    </failure>
  </testcase> <!-- createOrg -->
  <system-out/>
  <testcase classname="com.Vtiger.TC_01_CreateOrganizationTest" name="createOrg" time="14.111">
    <skipped/>
  </testcase> <!-- createOrg -->
  <system-out/>
  <testcase classname="com.Vtiger.TC_01_CreateOrganizationTest" name="createOrg" time="10.892">
    <skipped/>
  </testcase> <!-- createOrg -->
  <system-out/>
  <testcase classname="com.Vtiger.TC_01_CreateOrganizationTest" name="createOrg" time="21.645">
    <skipped/>
  </testcase> <!-- createOrg -->
  <system-out/>
</testsuite> <!-- com.Vtiger.TC_01_CreateOrganizationTest -->
